This file contains any messages produced by compilers while
running configure, to aid debugging if configure makes a mistake.

It was created by PCRE configure 7.7, which was
generated by GNU Autoconf 2.61.  Invocation command line was

  $ ./configure 

## --------- ##
## Platform. ##
## --------- ##

hostname = DELL-Loan-BERNAT
uname -m = x86_64
uname -r = 4.4.0-22000-Microsoft
uname -s = Linux
uname -v = #1-Microsoft Fri Jun 04 16:28:00 PST 2021

/usr/bin/uname -p = x86_64
/bin/uname -X     = unknown

/bin/arch              = x86_64
/usr/bin/arch -k       = unknown
/usr/convex/getsysinfo = unknown
/usr/bin/hostinfo      = unknown
/bin/machine           = unknown
/usr/bin/oslevel       = unknown
/bin/universe          = unknown

PATH: /usr/local/sbin
PATH: /usr/local/bin
PATH: /usr/sbin
PATH: /usr/bin
PATH: /sbin
PATH: /bin
PATH: /usr/games
PATH: /usr/local/games
PATH: /mnt/c/Windows/system32
PATH: /mnt/c/Windows
PATH: /mnt/c/Windows/System32/Wbem
PATH: /mnt/c/Windows/System32/WindowsPowerShell/v1.0/
PATH: /mnt/c/Windows/System32/OpenSSH/
PATH: /mnt/c/Program Files (x86)/NVIDIA Corporation/PhysX/Common
PATH: /mnt/c/Program Files/NVIDIA Corporation/NVIDIA NvDLISR
PATH: /mnt/c/Program Files/mingw64/bin
PATH: /mnt/c/Program Files/Git/cmd
PATH: /mnt/c/WINDOWS/system32
PATH: /mnt/c/WINDOWS
PATH: /mnt/c/WINDOWS/System32/Wbem
PATH: /mnt/c/WINDOWS/System32/WindowsPowerShell/v1.0/
PATH: /mnt/c/WINDOWS/System32/OpenSSH/
PATH: /mnt/c/Users/loant/AppData/Local/Microsoft/WindowsApps
PATH: /mnt/c/Program Files/JetBrains/PyCharm 2021.2/bin
PATH: /mnt/c/Program Files/JetBrains/IntelliJ IDEA 2021.2/bin
PATH: /mnt/c/Users/loant/AppData/Local/GitHubDesktop/bin
PATH: /snap/bin


## ----------- ##
## Core tests. ##
## ----------- ##

configure:2025: checking for a BSD-compatible install
configure:2081: result: /usr/bin/install -c
configure:2092: checking whether build environment is sane
configure:2135: result: yes
configure:2163: checking for a thread-safe mkdir -p
configure:2202: result: /usr/bin/mkdir -p
configure:2215: checking for gawk
configure:2231: found /usr/bin/gawk
configure:2242: result: gawk
configure:2253: checking whether make sets $(MAKE)
configure:2274: result: yes
configure:2526: checking for gcc
configure:2542: found /usr/bin/gcc
configure:2553: result: gcc
configure:2791: checking for C compiler version
configure:2798: gcc --version >&5
gcc (Ubuntu 9.3.0-17ubuntu1~20.04) 9.3.0
Copyright (C) 2019 Free Software Foundation, Inc.
This is free software; see the source for copying conditions.  There is NO
warranty; not even for MERCHANTABILITY or FITNESS FOR A PARTICULAR PURPOSE.

configure:2801: $? = 0
configure:2808: gcc -v >&5
Using built-in specs.
COLLECT_GCC=gcc
COLLECT_LTO_WRAPPER=/usr/lib/gcc/x86_64-linux-gnu/9/lto-wrapper
OFFLOAD_TARGET_NAMES=nvptx-none:hsa
OFFLOAD_TARGET_DEFAULT=1
Target: x86_64-linux-gnu
Configured with: ../src/configure -v --with-pkgversion='Ubuntu 9.3.0-17ubuntu1~20.04' --with-bugurl=file:///usr/share/doc/gcc-9/README.Bugs --enable-languages=c,ada,c++,go,brig,d,fortran,objc,obj-c++,gm2 --prefix=/usr --with-gcc-major-version-only --program-suffix=-9 --program-prefix=x86_64-linux-gnu- --enable-shared --enable-linker-build-id --libexecdir=/usr/lib --without-included-gettext --enable-threads=posix --libdir=/usr/lib --enable-nls --enable-clocale=gnu --enable-libstdcxx-debug --enable-libstdcxx-time=yes --with-default-libstdcxx-abi=new --enable-gnu-unique-object --disable-vtable-verify --enable-plugin --enable-default-pie --with-system-zlib --with-target-system-zlib=auto --enable-objc-gc=auto --enable-multiarch --disable-werror --with-arch-32=i686 --with-abi=m64 --with-multilib-list=m32,m64,mx32 --enable-multilib --with-tune=generic --enable-offload-targets=nvptx-none=/build/gcc-9-HskZEa/gcc-9-9.3.0/debian/tmp-nvptx/usr,hsa --without-cuda-driver --enable-checking=release --build=x86_64-linux-gnu --host=x86_64-linux-gnu --target=x86_64-linux-gnu
Thread model: posix
gcc version 9.3.0 (Ubuntu 9.3.0-17ubuntu1~20.04) 
configure:2811: $? = 0
configure:2818: gcc -V >&5
gcc: error: unrecognized command line option '-V'
gcc: fatal error: no input files
compilation terminated.
configure:2821: $? = 1
configure:2844: checking for C compiler default output file name
configure:2871: gcc    conftest.c  >&5
configure:2874: $? = 0
configure:2912: result: a.out
configure:2929: checking whether the C compiler works
configure:2939: ./a.out
configure:2942: $? = 0
configure:2959: result: yes
configure:2966: checking whether we are cross compiling
configure:2968: result: no
configure:2971: checking for suffix of executables
configure:2978: gcc -o conftest    conftest.c  >&5
configure:2981: $? = 0
configure:3005: result: 
configure:3011: checking for suffix of object files
configure:3037: gcc -c   conftest.c >&5
configure:3040: $? = 0
configure:3063: result: o
configure:3067: checking whether we are using the GNU C compiler
configure:3096: gcc -c   conftest.c >&5
configure:3102: $? = 0
configure:3119: result: yes
configure:3124: checking whether gcc accepts -g
configure:3154: gcc -c -g  conftest.c >&5
configure:3160: $? = 0
configure:3259: result: yes
configure:3276: checking for gcc option to accept ISO C89
configure:3350: gcc  -c -g -O2  conftest.c >&5
configure:3356: $? = 0
configure:3379: result: none needed
configure:3408: checking for style of include used by make
configure:3436: result: GNU
configure:3461: checking dependency style of gcc
configure:3552: result: gcc3
configure:3625: checking for g++
configure:3641: found /usr/bin/g++
configure:3652: result: g++
configure:3683: checking for C++ compiler version
configure:3690: g++ --version >&5
g++ (Ubuntu 9.3.0-17ubuntu1~20.04) 9.3.0
Copyright (C) 2019 Free Software Foundation, Inc.
This is free software; see the source for copying conditions.  There is NO
warranty; not even for MERCHANTABILITY or FITNESS FOR A PARTICULAR PURPOSE.

configure:3693: $? = 0
configure:3700: g++ -v >&5
Using built-in specs.
COLLECT_GCC=g++
COLLECT_LTO_WRAPPER=/usr/lib/gcc/x86_64-linux-gnu/9/lto-wrapper
OFFLOAD_TARGET_NAMES=nvptx-none:hsa
OFFLOAD_TARGET_DEFAULT=1
Target: x86_64-linux-gnu
Configured with: ../src/configure -v --with-pkgversion='Ubuntu 9.3.0-17ubuntu1~20.04' --with-bugurl=file:///usr/share/doc/gcc-9/README.Bugs --enable-languages=c,ada,c++,go,brig,d,fortran,objc,obj-c++,gm2 --prefix=/usr --with-gcc-major-version-only --program-suffix=-9 --program-prefix=x86_64-linux-gnu- --enable-shared --enable-linker-build-id --libexecdir=/usr/lib --without-included-gettext --enable-threads=posix --libdir=/usr/lib --enable-nls --enable-clocale=gnu --enable-libstdcxx-debug --enable-libstdcxx-time=yes --with-default-libstdcxx-abi=new --enable-gnu-unique-object --disable-vtable-verify --enable-plugin --enable-default-pie --with-system-zlib --with-target-system-zlib=auto --enable-objc-gc=auto --enable-multiarch --disable-werror --with-arch-32=i686 --with-abi=m64 --with-multilib-list=m32,m64,mx32 --enable-multilib --with-tune=generic --enable-offload-targets=nvptx-none=/build/gcc-9-HskZEa/gcc-9-9.3.0/debian/tmp-nvptx/usr,hsa --without-cuda-driver --enable-checking=release --build=x86_64-linux-gnu --host=x86_64-linux-gnu --target=x86_64-linux-gnu
Thread model: posix
gcc version 9.3.0 (Ubuntu 9.3.0-17ubuntu1~20.04) 
configure:3703: $? = 0
configure:3710: g++ -V >&5
g++: error: unrecognized command line option '-V'
g++: fatal error: no input files
compilation terminated.
configure:3713: $? = 1
configure:3716: checking whether we are using the GNU C++ compiler
configure:3745: g++ -c   conftest.cpp >&5
configure:3751: $? = 0
configure:3768: result: yes
configure:3773: checking whether g++ accepts -g
configure:3803: g++ -c -g  conftest.cpp >&5
configure:3809: $? = 0
configure:3908: result: yes
configure:3933: checking dependency style of g++
configure:4024: result: gcc3
configure:4092: g++ -c -O2  conftest.cpp >&5
configure:4098: $? = 0
configure:4132: checking for a BSD-compatible install
configure:4188: result: /usr/bin/install -c
configure:4279: checking build system type
configure:4297: result: x86_64-unknown-linux-gnu
configure:4319: checking host system type
configure:4334: result: x86_64-unknown-linux-gnu
configure:4356: checking for a sed that does not truncate output
configure:4412: result: /usr/bin/sed
configure:4415: checking for grep that handles long lines and -e
configure:4489: result: /usr/bin/grep
configure:4494: checking for egrep
configure:4572: result: /usr/bin/grep -E
configure:4588: checking for ld used by gcc
configure:4655: result: /usr/bin/ld
configure:4664: checking if the linker (/usr/bin/ld) is GNU ld
configure:4679: result: yes
configure:4684: checking for /usr/bin/ld option to reload object files
configure:4691: result: -r
configure:4709: checking for BSD-compatible nm
configure:4758: result: /usr/bin/nm -B
configure:4762: checking whether ln -s works
configure:4766: result: yes
configure:4773: checking how to recognize dependent libraries
configure:4959: result: pass_all
configure:5048: gcc -c -O2  conftest.c >&5
configure:5051: $? = 0
configure:5494: checking how to run the C preprocessor
configure:5534: gcc -E  conftest.c
configure:5540: $? = 0
configure:5571: gcc -E  conftest.c
conftest.c:10:10: fatal error: ac_nonexistent.h: No such file or directory
   10 | #include <ac_nonexistent.h>
      |          ^~~~~~~~~~~~~~~~~~
compilation terminated.
configure:5577: $? = 1
configure: failed program was:
| /* confdefs.h.  */
| #define PACKAGE_NAME "PCRE"
| #define PACKAGE_TARNAME "pcre"
| #define PACKAGE_VERSION "7.7"
| #define PACKAGE_STRING "PCRE 7.7"
| #define PACKAGE_BUGREPORT ""
| #define PACKAGE "pcre"
| #define VERSION "7.7"
| /* end confdefs.h.  */
| #include <ac_nonexistent.h>
configure:5610: result: gcc -E
configure:5639: gcc -E  conftest.c
configure:5645: $? = 0
configure:5676: gcc -E  conftest.c
conftest.c:10:10: fatal error: ac_nonexistent.h: No such file or directory
   10 | #include <ac_nonexistent.h>
      |          ^~~~~~~~~~~~~~~~~~
compilation terminated.
configure:5682: $? = 1
configure: failed program was:
| /* confdefs.h.  */
| #define PACKAGE_NAME "PCRE"
| #define PACKAGE_TARNAME "pcre"
| #define PACKAGE_VERSION "7.7"
| #define PACKAGE_STRING "PCRE 7.7"
| #define PACKAGE_BUGREPORT ""
| #define PACKAGE "pcre"
| #define VERSION "7.7"
| /* end confdefs.h.  */
| #include <ac_nonexistent.h>
configure:5720: checking for ANSI C header files
configure:5750: gcc -c -O2  conftest.c >&5
configure:5756: $? = 0
configure:5855: gcc -o conftest -O2   conftest.c  >&5
configure:5858: $? = 0
configure:5864: ./conftest
configure:5867: $? = 0
configure:5884: result: yes
configure:5908: checking for sys/types.h
configure:5929: gcc -c -O2  conftest.c >&5
configure:5935: $? = 0
configure:5951: result: yes
configure:5908: checking for sys/stat.h
configure:5929: gcc -c -O2  conftest.c >&5
configure:5935: $? = 0
configure:5951: result: yes
configure:5908: checking for stdlib.h
configure:5929: gcc -c -O2  conftest.c >&5
configure:5935: $? = 0
configure:5951: result: yes
configure:5908: checking for string.h
configure:5929: gcc -c -O2  conftest.c >&5
configure:5935: $? = 0
configure:5951: result: yes
configure:5908: checking for memory.h
configure:5929: gcc -c -O2  conftest.c >&5
configure:5935: $? = 0
configure:5951: result: yes
configure:5908: checking for strings.h
configure:5929: gcc -c -O2  conftest.c >&5
configure:5935: $? = 0
configure:5951: result: yes
configure:5908: checking for inttypes.h
configure:5929: gcc -c -O2  conftest.c >&5
configure:5935: $? = 0
configure:5951: result: yes
configure:5908: checking for stdint.h
configure:5929: gcc -c -O2  conftest.c >&5
configure:5935: $? = 0
configure:5951: result: yes
configure:5908: checking for unistd.h
configure:5929: gcc -c -O2  conftest.c >&5
configure:5935: $? = 0
configure:5951: result: yes
configure:5978: checking dlfcn.h usability
configure:5995: gcc -c -O2  conftest.c >&5
configure:6001: $? = 0
configure:6015: result: yes
configure:6019: checking dlfcn.h presence
configure:6034: gcc -E  conftest.c
configure:6040: $? = 0
configure:6054: result: yes
configure:6082: checking for dlfcn.h
configure:6090: result: yes
configure:6113: checking how to run the C++ preprocessor
configure:6149: g++ -E  conftest.cpp
configure:6155: $? = 0
configure:6186: g++ -E  conftest.cpp
conftest.cpp:21:10: fatal error: ac_nonexistent.h: No such file or directory
   21 | #include <ac_nonexistent.h>
      |          ^~~~~~~~~~~~~~~~~~
compilation terminated.
configure:6192: $? = 1
configure: failed program was:
| /* confdefs.h.  */
| #define PACKAGE_NAME "PCRE"
| #define PACKAGE_TARNAME "pcre"
| #define PACKAGE_VERSION "7.7"
| #define PACKAGE_STRING "PCRE 7.7"
| #define PACKAGE_BUGREPORT ""
| #define PACKAGE "pcre"
| #define VERSION "7.7"
| #define STDC_HEADERS 1
| #define HAVE_SYS_TYPES_H 1
| #define HAVE_SYS_STAT_H 1
| #define HAVE_STDLIB_H 1
| #define HAVE_STRING_H 1
| #define HAVE_MEMORY_H 1
| #define HAVE_STRINGS_H 1
| #define HAVE_INTTYPES_H 1
| #define HAVE_STDINT_H 1
| #define HAVE_UNISTD_H 1
| #define HAVE_DLFCN_H 1
| /* end confdefs.h.  */
| #include <ac_nonexistent.h>
configure:6225: result: g++ -E
configure:6254: g++ -E  conftest.cpp
configure:6260: $? = 0
configure:6291: g++ -E  conftest.cpp
conftest.cpp:21:10: fatal error: ac_nonexistent.h: No such file or directory
   21 | #include <ac_nonexistent.h>
      |          ^~~~~~~~~~~~~~~~~~
compilation terminated.
configure:6297: $? = 1
configure: failed program was:
| /* confdefs.h.  */
| #define PACKAGE_NAME "PCRE"
| #define PACKAGE_TARNAME "pcre"
| #define PACKAGE_VERSION "7.7"
| #define PACKAGE_STRING "PCRE 7.7"
| #define PACKAGE_BUGREPORT ""
| #define PACKAGE "pcre"
| #define VERSION "7.7"
| #define STDC_HEADERS 1
| #define HAVE_SYS_TYPES_H 1
| #define HAVE_SYS_STAT_H 1
| #define HAVE_STDLIB_H 1
| #define HAVE_STRING_H 1
| #define HAVE_MEMORY_H 1
| #define HAVE_STRINGS_H 1
| #define HAVE_INTTYPES_H 1
| #define HAVE_STDINT_H 1
| #define HAVE_UNISTD_H 1
| #define HAVE_DLFCN_H 1
| /* end confdefs.h.  */
| #include <ac_nonexistent.h>
configure:6389: checking for g77
configure:6419: result: no
configure:6389: checking for xlf
configure:6419: result: no
configure:6389: checking for f77
configure:6419: result: no
configure:6389: checking for frt
configure:6419: result: no
configure:6389: checking for pgf77
configure:6419: result: no
configure:6389: checking for cf77
configure:6419: result: no
configure:6389: checking for fort77
configure:6419: result: no
configure:6389: checking for fl32
configure:6419: result: no
configure:6389: checking for af77
configure:6419: result: no
configure:6389: checking for xlf90
configure:6419: result: no
configure:6389: checking for f90
configure:6419: result: no
configure:6389: checking for pgf90
configure:6419: result: no
configure:6389: checking for pghpf
configure:6419: result: no
configure:6389: checking for epcf90
configure:6419: result: no
configure:6389: checking for gfortran
configure:6419: result: no
configure:6389: checking for g95
configure:6419: result: no
configure:6389: checking for xlf95
configure:6419: result: no
configure:6389: checking for f95
configure:6419: result: no
configure:6389: checking for fort
configure:6419: result: no
configure:6389: checking for ifort
configure:6419: result: no
configure:6389: checking for ifc
configure:6419: result: no
configure:6389: checking for efc
configure:6419: result: no
configure:6389: checking for pgf95
configure:6419: result: no
configure:6389: checking for lf95
configure:6419: result: no
configure:6389: checking for ftn
configure:6419: result: no
configure:6446: checking for Fortran 77 compiler version
configure:6453:  --version >&5
./configure: line 6454: --version: command not found
configure:6456: $? = 127
configure:6463:  -v >&5
./configure: line 6464: -v: command not found
configure:6466: $? = 127
configure:6473:  -V >&5
./configure: line 6474: -V: command not found
configure:6476: $? = 127
configure:6484: checking whether we are using the GNU Fortran 77 compiler
configure:6503:  -c  conftest.F >&5
./configure: line 6504: -c: command not found
configure:6509: $? = 127
configure: failed program was:
|       program main
| #ifndef __GNUC__
|        choke me
| #endif
| 
|       end
configure:6526: result: no
configure:6532: checking whether  accepts -g
configure:6549:  -c -g conftest.f >&5
./configure: line 6550: -c: command not found
configure:6555: $? = 127
configure: failed program was:
|       program main
| 
|       end
configure:6571: result: no
configure:6600: checking the maximum length of command line arguments
configure:6712: result: 1572864
configure:6724: checking command to parse /usr/bin/nm -B output from gcc object
configure:6829: gcc -c -O2  conftest.c >&5
configure:6832: $? = 0
configure:6836: /usr/bin/nm -B conftest.o \| sed -n -e 's/^.*[ 	]\([ABCDGIRSTW][ABCDGIRSTW]*\)[ 	][ 	]*\([_A-Za-z][_A-Za-z0-9]*\)$/\1 \2 \2/p' \> conftest.nm
configure:6839: $? = 0
configure:6891: gcc -o conftest -O2   conftest.c conftstm.o >&5
configure:6894: $? = 0
configure:6932: result: ok
configure:6936: checking for objdir
configure:6951: result: .libs
configure:7043: checking for ar
configure:7059: found /usr/bin/ar
configure:7070: result: ar
configure:7139: checking for ranlib
configure:7155: found /usr/bin/ranlib
configure:7166: result: ranlib
configure:7235: checking for strip
configure:7251: found /usr/bin/strip
configure:7262: result: strip
configure:7811: checking for correct ltmain.sh version
configure:7861: result: yes
configure:7921: checking if gcc supports -fno-rtti -fno-exceptions
configure:7944: gcc -c -O2  -fno-rtti -fno-exceptions conftest.c >&5
cc1: warning: command line option '-fno-rtti' is valid for C++/D/ObjC++ but not for C
configure:7948: $? = 0
configure:7956: result: no
configure:7946: checking for gcc option to produce PIC
configure:8178: result: -fPIC
configure:8186: checking if gcc PIC flag -fPIC works
configure:8234: gcc -c -O2  -fPIC -DPIC conftest.c >&5
configure:8238: $? = 0
configure:8221: result: yes
configure:8220: checking if gcc static flag -static works
configure:8248: result: yes
configure:8258: checking if gcc supports -c -o file.o
configure:8338: gcc -c -O2  -o out/conftest2.o conftest.c >&5
configure:8342: $? = 0
configure:8281: result: yes
configure:8307: checking whether the gcc linker (/usr/bin/ld -m elf_x86_64) supports shared libraries
configure:9287: result: yes
configure:9308: checking whether -lc should be explicitly linked in
configure:9313: gcc -c -O2  conftest.c >&5
configure:9316: $? = 0
configure:9331: gcc -shared conftest.o  -v -Wl,-soname -Wl,conftest -o conftest 2\>\&1 \| grep  -lc  \>/dev/null 2\>\&1
configure:9334: $? = 0
configure:9346: result: no
configure:9354: checking dynamic linker characteristics
configure:9969: result: GNU/Linux ld.so
configure:9993: checking how to hardcode library paths into programs
configure:10018: result: immediate
configure:10032: checking whether stripping libraries is possible
configure:10037: result: yes
configure:10839: checking if libtool supports shared libraries
configure:10841: result: yes
configure:10844: checking whether to build shared libraries
configure:10865: result: yes
configure:10868: checking whether to build static libraries
configure:10872: result: yes
configure:10966: creating libtool
configure:11559: checking for ld used by g++
configure:11626: result: /usr/bin/ld -m elf_x86_64
configure:11635: checking if the linker (/usr/bin/ld -m elf_x86_64) is GNU ld
configure:11650: result: yes
configure:11701: checking whether the g++ linker (/usr/bin/ld -m elf_x86_64) supports shared libraries
configure:12647: result: yes
configure:12664: g++ -c -O2  conftest.cpp >&5
configure:12667: $? = 0
configure:12823: checking for g++ option to produce PIC
configure:13107: result: -fPIC
configure:13115: checking if g++ PIC flag -fPIC works
configure:13216: g++ -c -O2  -fPIC -DPIC conftest.cpp >&5
configure:13220: $? = 0
configure:13150: result: yes
configure:13178: checking if g++ static flag -static works
configure:13206: result: yes
configure:13216: checking if g++ supports -c -o file.o
configure:13320: g++ -c -O2  -o out/conftest2.o conftest.cpp >&5
configure:13324: $? = 0
configure:13263: result: yes
configure:13289: checking whether the g++ linker (/usr/bin/ld -m elf_x86_64) supports shared libraries
configure:13315: result: yes
configure:13382: checking dynamic linker characteristics
configure:13945: result: GNU/Linux ld.so
configure:13969: checking how to hardcode library paths into programs
configure:13994: result: immediate
configure:20241: checking whether ln -s works
configure:20245: result: yes
configure:20491: checking for ANSI C header files
configure:20655: result: yes
configure:20684: checking limits.h usability
configure:20701: gcc -c -O2  conftest.c >&5
configure:20707: $? = 0
configure:20721: result: yes
configure:20725: checking limits.h presence
configure:20740: gcc -E  conftest.c
configure:20746: $? = 0
configure:20760: result: yes
configure:20788: checking for limits.h
configure:20796: result: yes
configure:20674: checking for sys/types.h
configure:20680: result: yes
configure:20674: checking for sys/stat.h
configure:20680: result: yes
configure:20684: checking dirent.h usability
configure:20701: gcc -c -O2  conftest.c >&5
configure:20707: $? = 0
configure:20721: result: yes
configure:20725: checking dirent.h presence
configure:20740: gcc -E  conftest.c
configure:20746: $? = 0
configure:20760: result: yes
configure:20788: checking for dirent.h
configure:20796: result: yes
configure:20684: checking windows.h usability
configure:20701: gcc -c -O2  conftest.c >&5
conftest.c:59:10: fatal error: windows.h: No such file or directory
   59 | #include <windows.h>
      |          ^~~~~~~~~~~
compilation terminated.
configure:20707: $? = 1
configure: failed program was:
| /* confdefs.h.  */
| #define PACKAGE_NAME "PCRE"
| #define PACKAGE_TARNAME "pcre"
| #define PACKAGE_VERSION "7.7"
| #define PACKAGE_STRING "PCRE 7.7"
| #define PACKAGE_BUGREPORT ""
| #define PACKAGE "pcre"
| #define VERSION "7.7"
| #define STDC_HEADERS 1
| #define HAVE_SYS_TYPES_H 1
| #define HAVE_SYS_STAT_H 1
| #define HAVE_STDLIB_H 1
| #define HAVE_STRING_H 1
| #define HAVE_MEMORY_H 1
| #define HAVE_STRINGS_H 1
| #define HAVE_INTTYPES_H 1
| #define HAVE_STDINT_H 1
| #define HAVE_UNISTD_H 1
| #define HAVE_DLFCN_H 1
| #define STDC_HEADERS 1
| #define HAVE_LIMITS_H 1
| #define HAVE_SYS_TYPES_H 1
| #define HAVE_SYS_STAT_H 1
| #define HAVE_DIRENT_H 1
| /* end confdefs.h.  */
| #include <stdio.h>
| #ifdef HAVE_SYS_TYPES_H
| # include <sys/types.h>
| #endif
| #ifdef HAVE_SYS_STAT_H
| # include <sys/stat.h>
| #endif
| #ifdef STDC_HEADERS
| # include <stdlib.h>
| # include <stddef.h>
| #else
| # ifdef HAVE_STDLIB_H
| #  include <stdlib.h>
| # endif
| #endif
| #ifdef HAVE_STRING_H
| # if !defined STDC_HEADERS && defined HAVE_MEMORY_H
| #  include <memory.h>
| # endif
| # include <string.h>
| #endif
| #ifdef HAVE_STRINGS_H
| # include <strings.h>
| #endif
| #ifdef HAVE_INTTYPES_H
| # include <inttypes.h>
| #endif
| #ifdef HAVE_STDINT_H
| # include <stdint.h>
| #endif
| #ifdef HAVE_UNISTD_H
| # include <unistd.h>
| #endif
| #include <windows.h>
configure:20721: result: no
configure:20725: checking windows.h presence
configure:20740: gcc -E  conftest.c
conftest.c:26:10: fatal error: windows.h: No such file or directory
   26 | #include <windows.h>
      |          ^~~~~~~~~~~
compilation terminated.
configure:20746: $? = 1
configure: failed program was:
| /* confdefs.h.  */
| #define PACKAGE_NAME "PCRE"
| #define PACKAGE_TARNAME "pcre"
| #define PACKAGE_VERSION "7.7"
| #define PACKAGE_STRING "PCRE 7.7"
| #define PACKAGE_BUGREPORT ""
| #define PACKAGE "pcre"
| #define VERSION "7.7"
| #define STDC_HEADERS 1
| #define HAVE_SYS_TYPES_H 1
| #define HAVE_SYS_STAT_H 1
| #define HAVE_STDLIB_H 1
| #define HAVE_STRING_H 1
| #define HAVE_MEMORY_H 1
| #define HAVE_STRINGS_H 1
| #define HAVE_INTTYPES_H 1
| #define HAVE_STDINT_H 1
| #define HAVE_UNISTD_H 1
| #define HAVE_DLFCN_H 1
| #define STDC_HEADERS 1
| #define HAVE_LIMITS_H 1
| #define HAVE_SYS_TYPES_H 1
| #define HAVE_SYS_STAT_H 1
| #define HAVE_DIRENT_H 1
| /* end confdefs.h.  */
| #include <windows.h>
configure:20760: result: no
configure:20788: checking for windows.h
configure:20796: result: no
configure:20830: checking for alias support in the linker
configure:20859: g++ -o conftest -O2   -Wl,-alias,__ZN7pcrecpp2RE6no_argE,__ZN7pcrecpp6no_argE conftest.cpp  >&5
/usr/bin/ld: unrecognized -a option `lias'
collect2: error: ld returned 1 exit status
configure:20865: $? = 1
configure: failed program was:
| /* confdefs.h.  */
| #define PACKAGE_NAME "PCRE"
| #define PACKAGE_TARNAME "pcre"
| #define PACKAGE_VERSION "7.7"
| #define PACKAGE_STRING "PCRE 7.7"
| #define PACKAGE_BUGREPORT ""
| #define PACKAGE "pcre"
| #define VERSION "7.7"
| #define STDC_HEADERS 1
| #define HAVE_SYS_TYPES_H 1
| #define HAVE_SYS_STAT_H 1
| #define HAVE_STDLIB_H 1
| #define HAVE_STRING_H 1
| #define HAVE_MEMORY_H 1
| #define HAVE_STRINGS_H 1
| #define HAVE_INTTYPES_H 1
| #define HAVE_STDINT_H 1
| #define HAVE_UNISTD_H 1
| #define HAVE_DLFCN_H 1
| #define STDC_HEADERS 1
| #define HAVE_LIMITS_H 1
| #define HAVE_SYS_TYPES_H 1
| #define HAVE_SYS_STAT_H 1
| #define HAVE_DIRENT_H 1
| /* end confdefs.h.  */
| namespace pcrecpp {
|                                     class RE { static int no_arg; };
|                                     int RE::no_arg;
|                                   }
| int
| main ()
| {
| 
|   ;
|   return 0;
| }
configure:20879: result: no
configure:20830: checking for alias support in the linker
configure:20859: g++ -o conftest -O2   -Wl,-i__ZN7pcrecpp6no_argE:__ZN7pcrecpp2RE6no_argE conftest.cpp  >&5
/usr/bin/ld: unrecognised option: -i__ZN7pcrecpp6no_argE:__ZN7pcrecpp2RE6no_argE
collect2: error: ld returned 1 exit status
configure:20865: $? = 1
configure: failed program was:
| /* confdefs.h.  */
| #define PACKAGE_NAME "PCRE"
| #define PACKAGE_TARNAME "pcre"
| #define PACKAGE_VERSION "7.7"
| #define PACKAGE_STRING "PCRE 7.7"
| #define PACKAGE_BUGREPORT ""
| #define PACKAGE "pcre"
| #define VERSION "7.7"
| #define STDC_HEADERS 1
| #define HAVE_SYS_TYPES_H 1
| #define HAVE_SYS_STAT_H 1
| #define HAVE_STDLIB_H 1
| #define HAVE_STRING_H 1
| #define HAVE_MEMORY_H 1
| #define HAVE_STRINGS_H 1
| #define HAVE_INTTYPES_H 1
| #define HAVE_STDINT_H 1
| #define HAVE_UNISTD_H 1
| #define HAVE_DLFCN_H 1
| #define STDC_HEADERS 1
| #define HAVE_LIMITS_H 1
| #define HAVE_SYS_TYPES_H 1
| #define HAVE_SYS_STAT_H 1
| #define HAVE_DIRENT_H 1
| /* end confdefs.h.  */
| namespace pcrecpp {
|                                     class RE { static int no_arg; };
|                                     int RE::no_arg;
|                                   }
| int
| main ()
| {
| 
|   ;
|   return 0;
| }
configure:20879: result: no
configure:20907: checking string usability
configure:20924: g++ -c -O2  conftest.cpp >&5
configure:20930: $? = 0
configure:20944: result: yes
configure:20948: checking string presence
configure:20963: g++ -E  conftest.cpp
configure:20969: $? = 0
configure:20983: result: yes
configure:21011: checking for string
configure:21019: result: yes
configure:21049: checking bits/type_traits.h usability
configure:21066: g++ -c -O2  conftest.cpp >&5
conftest.cpp:60:10: fatal error: bits/type_traits.h: No such file or directory
   60 | #include <bits/type_traits.h>
      |          ^~~~~~~~~~~~~~~~~~~~
compilation terminated.
configure:21072: $? = 1
configure: failed program was:
| /* confdefs.h.  */
| #define PACKAGE_NAME "PCRE"
| #define PACKAGE_TARNAME "pcre"
| #define PACKAGE_VERSION "7.7"
| #define PACKAGE_STRING "PCRE 7.7"
| #define PACKAGE_BUGREPORT ""
| #define PACKAGE "pcre"
| #define VERSION "7.7"
| #define STDC_HEADERS 1
| #define HAVE_SYS_TYPES_H 1
| #define HAVE_SYS_STAT_H 1
| #define HAVE_STDLIB_H 1
| #define HAVE_STRING_H 1
| #define HAVE_MEMORY_H 1
| #define HAVE_STRINGS_H 1
| #define HAVE_INTTYPES_H 1
| #define HAVE_STDINT_H 1
| #define HAVE_UNISTD_H 1
| #define HAVE_DLFCN_H 1
| #define STDC_HEADERS 1
| #define HAVE_LIMITS_H 1
| #define HAVE_SYS_TYPES_H 1
| #define HAVE_SYS_STAT_H 1
| #define HAVE_DIRENT_H 1
| #define HAVE_STRING 1
| /* end confdefs.h.  */
| #include <stdio.h>
| #ifdef HAVE_SYS_TYPES_H
| # include <sys/types.h>
| #endif
| #ifdef HAVE_SYS_STAT_H
| # include <sys/stat.h>
| #endif
| #ifdef STDC_HEADERS
| # include <stdlib.h>
| # include <stddef.h>
| #else
| # ifdef HAVE_STDLIB_H
| #  include <stdlib.h>
| # endif
| #endif
| #ifdef HAVE_STRING_H
| # if !defined STDC_HEADERS && defined HAVE_MEMORY_H
| #  include <memory.h>
| # endif
| # include <string.h>
| #endif
| #ifdef HAVE_STRINGS_H
| # include <strings.h>
| #endif
| #ifdef HAVE_INTTYPES_H
| # include <inttypes.h>
| #endif
| #ifdef HAVE_STDINT_H
| # include <stdint.h>
| #endif
| #ifdef HAVE_UNISTD_H
| # include <unistd.h>
| #endif
| #include <bits/type_traits.h>
configure:21086: result: no
configure:21090: checking bits/type_traits.h presence
configure:21105: g++ -E  conftest.cpp
conftest.cpp:27:10: fatal error: bits/type_traits.h: No such file or directory
   27 | #include <bits/type_traits.h>
      |          ^~~~~~~~~~~~~~~~~~~~
compilation terminated.
configure:21111: $? = 1
configure: failed program was:
| /* confdefs.h.  */
| #define PACKAGE_NAME "PCRE"
| #define PACKAGE_TARNAME "pcre"
| #define PACKAGE_VERSION "7.7"
| #define PACKAGE_STRING "PCRE 7.7"
| #define PACKAGE_BUGREPORT ""
| #define PACKAGE "pcre"
| #define VERSION "7.7"
| #define STDC_HEADERS 1
| #define HAVE_SYS_TYPES_H 1
| #define HAVE_SYS_STAT_H 1
| #define HAVE_STDLIB_H 1
| #define HAVE_STRING_H 1
| #define HAVE_MEMORY_H 1
| #define HAVE_STRINGS_H 1
| #define HAVE_INTTYPES_H 1
| #define HAVE_STDINT_H 1
| #define HAVE_UNISTD_H 1
| #define HAVE_DLFCN_H 1
| #define STDC_HEADERS 1
| #define HAVE_LIMITS_H 1
| #define HAVE_SYS_TYPES_H 1
| #define HAVE_SYS_STAT_H 1
| #define HAVE_DIRENT_H 1
| #define HAVE_STRING 1
| /* end confdefs.h.  */
| #include <bits/type_traits.h>
configure:21125: result: no
configure:21153: checking for bits/type_traits.h
configure:21161: result: no
configure:21191: checking type_traits.h usability
configure:21208: g++ -c -O2  conftest.cpp >&5
conftest.cpp:60:10: fatal error: type_traits.h: No such file or directory
   60 | #include <type_traits.h>
      |          ^~~~~~~~~~~~~~~
compilation terminated.
configure:21214: $? = 1
configure: failed program was:
| /* confdefs.h.  */
| #define PACKAGE_NAME "PCRE"
| #define PACKAGE_TARNAME "pcre"
| #define PACKAGE_VERSION "7.7"
| #define PACKAGE_STRING "PCRE 7.7"
| #define PACKAGE_BUGREPORT ""
| #define PACKAGE "pcre"
| #define VERSION "7.7"
| #define STDC_HEADERS 1
| #define HAVE_SYS_TYPES_H 1
| #define HAVE_SYS_STAT_H 1
| #define HAVE_STDLIB_H 1
| #define HAVE_STRING_H 1
| #define HAVE_MEMORY_H 1
| #define HAVE_STRINGS_H 1
| #define HAVE_INTTYPES_H 1
| #define HAVE_STDINT_H 1
| #define HAVE_UNISTD_H 1
| #define HAVE_DLFCN_H 1
| #define STDC_HEADERS 1
| #define HAVE_LIMITS_H 1
| #define HAVE_SYS_TYPES_H 1
| #define HAVE_SYS_STAT_H 1
| #define HAVE_DIRENT_H 1
| #define HAVE_STRING 1
| /* end confdefs.h.  */
| #include <stdio.h>
| #ifdef HAVE_SYS_TYPES_H
| # include <sys/types.h>
| #endif
| #ifdef HAVE_SYS_STAT_H
| # include <sys/stat.h>
| #endif
| #ifdef STDC_HEADERS
| # include <stdlib.h>
| # include <stddef.h>
| #else
| # ifdef HAVE_STDLIB_H
| #  include <stdlib.h>
| # endif
| #endif
| #ifdef HAVE_STRING_H
| # if !defined STDC_HEADERS && defined HAVE_MEMORY_H
| #  include <memory.h>
| # endif
| # include <string.h>
| #endif
| #ifdef HAVE_STRINGS_H
| # include <strings.h>
| #endif
| #ifdef HAVE_INTTYPES_H
| # include <inttypes.h>
| #endif
| #ifdef HAVE_STDINT_H
| # include <stdint.h>
| #endif
| #ifdef HAVE_UNISTD_H
| # include <unistd.h>
| #endif
| #include <type_traits.h>
configure:21228: result: no
configure:21232: checking type_traits.h presence
configure:21247: g++ -E  conftest.cpp
conftest.cpp:27:10: fatal error: type_traits.h: No such file or directory
   27 | #include <type_traits.h>
      |          ^~~~~~~~~~~~~~~
compilation terminated.
configure:21253: $? = 1
configure: failed program was:
| /* confdefs.h.  */
| #define PACKAGE_NAME "PCRE"
| #define PACKAGE_TARNAME "pcre"
| #define PACKAGE_VERSION "7.7"
| #define PACKAGE_STRING "PCRE 7.7"
| #define PACKAGE_BUGREPORT ""
| #define PACKAGE "pcre"
| #define VERSION "7.7"
| #define STDC_HEADERS 1
| #define HAVE_SYS_TYPES_H 1
| #define HAVE_SYS_STAT_H 1
| #define HAVE_STDLIB_H 1
| #define HAVE_STRING_H 1
| #define HAVE_MEMORY_H 1
| #define HAVE_STRINGS_H 1
| #define HAVE_INTTYPES_H 1
| #define HAVE_STDINT_H 1
| #define HAVE_UNISTD_H 1
| #define HAVE_DLFCN_H 1
| #define STDC_HEADERS 1
| #define HAVE_LIMITS_H 1
| #define HAVE_SYS_TYPES_H 1
| #define HAVE_SYS_STAT_H 1
| #define HAVE_DIRENT_H 1
| #define HAVE_STRING 1
| /* end confdefs.h.  */
| #include <type_traits.h>
configure:21267: result: no
configure:21295: checking for type_traits.h
configure:21303: result: no
configure:21350: checking for an ANSI C-conforming const
configure:21425: gcc -c -O2  conftest.c >&5
configure:21431: $? = 0
configure:21446: result: yes
configure:21456: checking for size_t
configure:21486: gcc -c -O2  conftest.c >&5
configure:21492: $? = 0
configure:21507: result: yes
configure:21527: checking for strtoq
configure:21583: gcc -o conftest -O2   conftest.c  >&5
configure:21589: $? = 0
configure:21607: result: yes
configure:21623: checking for long long
configure:21653: gcc -c -O2  conftest.c >&5
configure:21659: $? = 0
configure:21674: result: yes
configure:21687: checking for unsigned long long
configure:21717: gcc -c -O2  conftest.c >&5
configure:21723: $? = 0
configure:21738: result: yes
configure:21763: checking for bcopy
configure:21819: gcc -o conftest -O2   conftest.c  >&5
conftest.c:53:6: warning: conflicting types for built-in function 'bcopy'; expected 'void(const void *, void *, long unsigned int)' [-Wbuiltin-declaration-mismatch]
   53 | char bcopy ();
      |      ^~~~~
configure:21825: $? = 0
configure:21843: result: yes
configure:21763: checking for memmove
configure:21819: gcc -o conftest -O2   conftest.c  >&5
conftest.c:54:6: warning: conflicting types for built-in function 'memmove'; expected 'void *(void *, const void *, long unsigned int)' [-Wbuiltin-declaration-mismatch]
   54 | char memmove ();
      |      ^~~~~~~
conftest.c:42:1: note: 'memmove' is declared in header '<string.h>'
   41 | # include <limits.h>
   42 | #else
configure:21825: $? = 0
configure:21843: result: yes
configure:21763: checking for strerror
configure:21819: gcc -o conftest -O2   conftest.c  >&5
configure:21825: $? = 0
configure:21843: result: yes
configure:21871: checking zlib.h usability
configure:21888: gcc -c -O2  conftest.c >&5
configure:21894: $? = 0
configure:21908: result: yes
configure:21912: checking zlib.h presence
configure:21927: gcc -E  conftest.c
configure:21933: $? = 0
configure:21947: result: yes
configure:21975: checking for zlib.h
configure:21983: result: yes
configure:21996: checking for gzopen in -lz
configure:22031: gcc -o conftest -O2   conftest.c -lz   >&5
configure:22037: $? = 0
configure:22055: result: yes
configure:22079: checking bzlib.h usability
configure:22096: gcc -c -O2  conftest.c >&5
conftest.c:67:10: fatal error: bzlib.h: No such file or directory
   67 | #include <bzlib.h>
      |          ^~~~~~~~~
compilation terminated.
configure:22102: $? = 1
configure: failed program was:
| /* confdefs.h.  */
| #define PACKAGE_NAME "PCRE"
| #define PACKAGE_TARNAME "pcre"
| #define PACKAGE_VERSION "7.7"
| #define PACKAGE_STRING "PCRE 7.7"
| #define PACKAGE_BUGREPORT ""
| #define PACKAGE "pcre"
| #define VERSION "7.7"
| #define STDC_HEADERS 1
| #define HAVE_SYS_TYPES_H 1
| #define HAVE_SYS_STAT_H 1
| #define HAVE_STDLIB_H 1
| #define HAVE_STRING_H 1
| #define HAVE_MEMORY_H 1
| #define HAVE_STRINGS_H 1
| #define HAVE_INTTYPES_H 1
| #define HAVE_STDINT_H 1
| #define HAVE_UNISTD_H 1
| #define HAVE_DLFCN_H 1
| #define STDC_HEADERS 1
| #define HAVE_LIMITS_H 1
| #define HAVE_SYS_TYPES_H 1
| #define HAVE_SYS_STAT_H 1
| #define HAVE_DIRENT_H 1
| #define HAVE_STRING 1
| #define HAVE_STRTOQ 1
| #define HAVE_LONG_LONG 1
| #define HAVE_UNSIGNED_LONG_LONG 1
| #define HAVE_BCOPY 1
| #define HAVE_MEMMOVE 1
| #define HAVE_STRERROR 1
| #define HAVE_ZLIB_H 1
| /* end confdefs.h.  */
| #include <stdio.h>
| #ifdef HAVE_SYS_TYPES_H
| # include <sys/types.h>
| #endif
| #ifdef HAVE_SYS_STAT_H
| # include <sys/stat.h>
| #endif
| #ifdef STDC_HEADERS
| # include <stdlib.h>
| # include <stddef.h>
| #else
| # ifdef HAVE_STDLIB_H
| #  include <stdlib.h>
| # endif
| #endif
| #ifdef HAVE_STRING_H
| # if !defined STDC_HEADERS && defined HAVE_MEMORY_H
| #  include <memory.h>
| # endif
| # include <string.h>
| #endif
| #ifdef HAVE_STRINGS_H
| # include <strings.h>
| #endif
| #ifdef HAVE_INTTYPES_H
| # include <inttypes.h>
| #endif
| #ifdef HAVE_STDINT_H
| # include <stdint.h>
| #endif
| #ifdef HAVE_UNISTD_H
| # include <unistd.h>
| #endif
| #include <bzlib.h>
configure:22116: result: no
configure:22120: checking bzlib.h presence
configure:22135: gcc -E  conftest.c
conftest.c:34:10: fatal error: bzlib.h: No such file or directory
   34 | #include <bzlib.h>
      |          ^~~~~~~~~
compilation terminated.
configure:22141: $? = 1
configure: failed program was:
| /* confdefs.h.  */
| #define PACKAGE_NAME "PCRE"
| #define PACKAGE_TARNAME "pcre"
| #define PACKAGE_VERSION "7.7"
| #define PACKAGE_STRING "PCRE 7.7"
| #define PACKAGE_BUGREPORT ""
| #define PACKAGE "pcre"
| #define VERSION "7.7"
| #define STDC_HEADERS 1
| #define HAVE_SYS_TYPES_H 1
| #define HAVE_SYS_STAT_H 1
| #define HAVE_STDLIB_H 1
| #define HAVE_STRING_H 1
| #define HAVE_MEMORY_H 1
| #define HAVE_STRINGS_H 1
| #define HAVE_INTTYPES_H 1
| #define HAVE_STDINT_H 1
| #define HAVE_UNISTD_H 1
| #define HAVE_DLFCN_H 1
| #define STDC_HEADERS 1
| #define HAVE_LIMITS_H 1
| #define HAVE_SYS_TYPES_H 1
| #define HAVE_SYS_STAT_H 1
| #define HAVE_DIRENT_H 1
| #define HAVE_STRING 1
| #define HAVE_STRTOQ 1
| #define HAVE_LONG_LONG 1
| #define HAVE_UNSIGNED_LONG_LONG 1
| #define HAVE_BCOPY 1
| #define HAVE_MEMMOVE 1
| #define HAVE_STRERROR 1
| #define HAVE_ZLIB_H 1
| /* end confdefs.h.  */
| #include <bzlib.h>
configure:22155: result: no
configure:22183: checking for bzlib.h
configure:22191: result: no
configure:22204: checking for BZ2_bzopen in -lbz2
configure:22239: gcc -o conftest -O2   conftest.c -lbz2   >&5
/usr/bin/ld: cannot find -lbz2
collect2: error: ld returned 1 exit status
configure:22245: $? = 1
configure: failed program was:
| /* confdefs.h.  */
| #define PACKAGE_NAME "PCRE"
| #define PACKAGE_TARNAME "pcre"
| #define PACKAGE_VERSION "7.7"
| #define PACKAGE_STRING "PCRE 7.7"
| #define PACKAGE_BUGREPORT ""
| #define PACKAGE "pcre"
| #define VERSION "7.7"
| #define STDC_HEADERS 1
| #define HAVE_SYS_TYPES_H 1
| #define HAVE_SYS_STAT_H 1
| #define HAVE_STDLIB_H 1
| #define HAVE_STRING_H 1
| #define HAVE_MEMORY_H 1
| #define HAVE_STRINGS_H 1
| #define HAVE_INTTYPES_H 1
| #define HAVE_STDINT_H 1
| #define HAVE_UNISTD_H 1
| #define HAVE_DLFCN_H 1
| #define STDC_HEADERS 1
| #define HAVE_LIMITS_H 1
| #define HAVE_SYS_TYPES_H 1
| #define HAVE_SYS_STAT_H 1
| #define HAVE_DIRENT_H 1
| #define HAVE_STRING 1
| #define HAVE_STRTOQ 1
| #define HAVE_LONG_LONG 1
| #define HAVE_UNSIGNED_LONG_LONG 1
| #define HAVE_BCOPY 1
| #define HAVE_MEMMOVE 1
| #define HAVE_STRERROR 1
| #define HAVE_ZLIB_H 1
| /* end confdefs.h.  */
| 
| /* Override any GCC internal prototype to avoid an error.
|    Use char because int might match the return type of a GCC
|    builtin and then its argument prototype would still apply.  */
| #ifdef __cplusplus
| extern "C"
| #endif
| char BZ2_bzopen ();
| int
| main ()
| {
| return BZ2_bzopen ();
|   ;
|   return 0;
| }
configure:22263: result: no
configure:22287: checking readline/readline.h usability
configure:22304: gcc -c -O2  conftest.c >&5
conftest.c:67:10: fatal error: readline/readline.h: No such file or directory
   67 | #include <readline/readline.h>
      |          ^~~~~~~~~~~~~~~~~~~~~
compilation terminated.
configure:22310: $? = 1
configure: failed program was:
| /* confdefs.h.  */
| #define PACKAGE_NAME "PCRE"
| #define PACKAGE_TARNAME "pcre"
| #define PACKAGE_VERSION "7.7"
| #define PACKAGE_STRING "PCRE 7.7"
| #define PACKAGE_BUGREPORT ""
| #define PACKAGE "pcre"
| #define VERSION "7.7"
| #define STDC_HEADERS 1
| #define HAVE_SYS_TYPES_H 1
| #define HAVE_SYS_STAT_H 1
| #define HAVE_STDLIB_H 1
| #define HAVE_STRING_H 1
| #define HAVE_MEMORY_H 1
| #define HAVE_STRINGS_H 1
| #define HAVE_INTTYPES_H 1
| #define HAVE_STDINT_H 1
| #define HAVE_UNISTD_H 1
| #define HAVE_DLFCN_H 1
| #define STDC_HEADERS 1
| #define HAVE_LIMITS_H 1
| #define HAVE_SYS_TYPES_H 1
| #define HAVE_SYS_STAT_H 1
| #define HAVE_DIRENT_H 1
| #define HAVE_STRING 1
| #define HAVE_STRTOQ 1
| #define HAVE_LONG_LONG 1
| #define HAVE_UNSIGNED_LONG_LONG 1
| #define HAVE_BCOPY 1
| #define HAVE_MEMMOVE 1
| #define HAVE_STRERROR 1
| #define HAVE_ZLIB_H 1
| /* end confdefs.h.  */
| #include <stdio.h>
| #ifdef HAVE_SYS_TYPES_H
| # include <sys/types.h>
| #endif
| #ifdef HAVE_SYS_STAT_H
| # include <sys/stat.h>
| #endif
| #ifdef STDC_HEADERS
| # include <stdlib.h>
| # include <stddef.h>
| #else
| # ifdef HAVE_STDLIB_H
| #  include <stdlib.h>
| # endif
| #endif
| #ifdef HAVE_STRING_H
| # if !defined STDC_HEADERS && defined HAVE_MEMORY_H
| #  include <memory.h>
| # endif
| # include <string.h>
| #endif
| #ifdef HAVE_STRINGS_H
| # include <strings.h>
| #endif
| #ifdef HAVE_INTTYPES_H
| # include <inttypes.h>
| #endif
| #ifdef HAVE_STDINT_H
| # include <stdint.h>
| #endif
| #ifdef HAVE_UNISTD_H
| # include <unistd.h>
| #endif
| #include <readline/readline.h>
configure:22324: result: no
configure:22328: checking readline/readline.h presence
configure:22343: gcc -E  conftest.c
conftest.c:34:10: fatal error: readline/readline.h: No such file or directory
   34 | #include <readline/readline.h>
      |          ^~~~~~~~~~~~~~~~~~~~~
compilation terminated.
configure:22349: $? = 1
configure: failed program was:
| /* confdefs.h.  */
| #define PACKAGE_NAME "PCRE"
| #define PACKAGE_TARNAME "pcre"
| #define PACKAGE_VERSION "7.7"
| #define PACKAGE_STRING "PCRE 7.7"
| #define PACKAGE_BUGREPORT ""
| #define PACKAGE "pcre"
| #define VERSION "7.7"
| #define STDC_HEADERS 1
| #define HAVE_SYS_TYPES_H 1
| #define HAVE_SYS_STAT_H 1
| #define HAVE_STDLIB_H 1
| #define HAVE_STRING_H 1
| #define HAVE_MEMORY_H 1
| #define HAVE_STRINGS_H 1
| #define HAVE_INTTYPES_H 1
| #define HAVE_STDINT_H 1
| #define HAVE_UNISTD_H 1
| #define HAVE_DLFCN_H 1
| #define STDC_HEADERS 1
| #define HAVE_LIMITS_H 1
| #define HAVE_SYS_TYPES_H 1
| #define HAVE_SYS_STAT_H 1
| #define HAVE_DIRENT_H 1
| #define HAVE_STRING 1
| #define HAVE_STRTOQ 1
| #define HAVE_LONG_LONG 1
| #define HAVE_UNSIGNED_LONG_LONG 1
| #define HAVE_BCOPY 1
| #define HAVE_MEMMOVE 1
| #define HAVE_STRERROR 1
| #define HAVE_ZLIB_H 1
| /* end confdefs.h.  */
| #include <readline/readline.h>
configure:22363: result: no
configure:22391: checking for readline/readline.h
configure:22399: result: no
configure:22427: checking readline/history.h usability
configure:22444: gcc -c -O2  conftest.c >&5
conftest.c:67:10: fatal error: readline/history.h: No such file or directory
   67 | #include <readline/history.h>
      |          ^~~~~~~~~~~~~~~~~~~~
compilation terminated.
configure:22450: $? = 1
configure: failed program was:
| /* confdefs.h.  */
| #define PACKAGE_NAME "PCRE"
| #define PACKAGE_TARNAME "pcre"
| #define PACKAGE_VERSION "7.7"
| #define PACKAGE_STRING "PCRE 7.7"
| #define PACKAGE_BUGREPORT ""
| #define PACKAGE "pcre"
| #define VERSION "7.7"
| #define STDC_HEADERS 1
| #define HAVE_SYS_TYPES_H 1
| #define HAVE_SYS_STAT_H 1
| #define HAVE_STDLIB_H 1
| #define HAVE_STRING_H 1
| #define HAVE_MEMORY_H 1
| #define HAVE_STRINGS_H 1
| #define HAVE_INTTYPES_H 1
| #define HAVE_STDINT_H 1
| #define HAVE_UNISTD_H 1
| #define HAVE_DLFCN_H 1
| #define STDC_HEADERS 1
| #define HAVE_LIMITS_H 1
| #define HAVE_SYS_TYPES_H 1
| #define HAVE_SYS_STAT_H 1
| #define HAVE_DIRENT_H 1
| #define HAVE_STRING 1
| #define HAVE_STRTOQ 1
| #define HAVE_LONG_LONG 1
| #define HAVE_UNSIGNED_LONG_LONG 1
| #define HAVE_BCOPY 1
| #define HAVE_MEMMOVE 1
| #define HAVE_STRERROR 1
| #define HAVE_ZLIB_H 1
| /* end confdefs.h.  */
| #include <stdio.h>
| #ifdef HAVE_SYS_TYPES_H
| # include <sys/types.h>
| #endif
| #ifdef HAVE_SYS_STAT_H
| # include <sys/stat.h>
| #endif
| #ifdef STDC_HEADERS
| # include <stdlib.h>
| # include <stddef.h>
| #else
| # ifdef HAVE_STDLIB_H
| #  include <stdlib.h>
| # endif
| #endif
| #ifdef HAVE_STRING_H
| # if !defined STDC_HEADERS && defined HAVE_MEMORY_H
| #  include <memory.h>
| # endif
| # include <string.h>
| #endif
| #ifdef HAVE_STRINGS_H
| # include <strings.h>
| #endif
| #ifdef HAVE_INTTYPES_H
| # include <inttypes.h>
| #endif
| #ifdef HAVE_STDINT_H
| # include <stdint.h>
| #endif
| #ifdef HAVE_UNISTD_H
| # include <unistd.h>
| #endif
| #include <readline/history.h>
configure:22464: result: no
configure:22468: checking readline/history.h presence
configure:22483: gcc -E  conftest.c
conftest.c:34:10: fatal error: readline/history.h: No such file or directory
   34 | #include <readline/history.h>
      |          ^~~~~~~~~~~~~~~~~~~~
compilation terminated.
configure:22489: $? = 1
configure: failed program was:
| /* confdefs.h.  */
| #define PACKAGE_NAME "PCRE"
| #define PACKAGE_TARNAME "pcre"
| #define PACKAGE_VERSION "7.7"
| #define PACKAGE_STRING "PCRE 7.7"
| #define PACKAGE_BUGREPORT ""
| #define PACKAGE "pcre"
| #define VERSION "7.7"
| #define STDC_HEADERS 1
| #define HAVE_SYS_TYPES_H 1
| #define HAVE_SYS_STAT_H 1
| #define HAVE_STDLIB_H 1
| #define HAVE_STRING_H 1
| #define HAVE_MEMORY_H 1
| #define HAVE_STRINGS_H 1
| #define HAVE_INTTYPES_H 1
| #define HAVE_STDINT_H 1
| #define HAVE_UNISTD_H 1
| #define HAVE_DLFCN_H 1
| #define STDC_HEADERS 1
| #define HAVE_LIMITS_H 1
| #define HAVE_SYS_TYPES_H 1
| #define HAVE_SYS_STAT_H 1
| #define HAVE_DIRENT_H 1
| #define HAVE_STRING 1
| #define HAVE_STRTOQ 1
| #define HAVE_LONG_LONG 1
| #define HAVE_UNSIGNED_LONG_LONG 1
| #define HAVE_BCOPY 1
| #define HAVE_MEMMOVE 1
| #define HAVE_STRERROR 1
| #define HAVE_ZLIB_H 1
| /* end confdefs.h.  */
| #include <readline/history.h>
configure:22503: result: no
configure:22531: checking for readline/history.h
configure:22539: result: no
configure:22552: checking for readline in -lreadline
configure:22587: gcc -o conftest -O2   conftest.c -lreadline   >&5
/usr/bin/ld: cannot find -lreadline
collect2: error: ld returned 1 exit status
configure:22593: $? = 1
configure: failed program was:
| /* confdefs.h.  */
| #define PACKAGE_NAME "PCRE"
| #define PACKAGE_TARNAME "pcre"
| #define PACKAGE_VERSION "7.7"
| #define PACKAGE_STRING "PCRE 7.7"
| #define PACKAGE_BUGREPORT ""
| #define PACKAGE "pcre"
| #define VERSION "7.7"
| #define STDC_HEADERS 1
| #define HAVE_SYS_TYPES_H 1
| #define HAVE_SYS_STAT_H 1
| #define HAVE_STDLIB_H 1
| #define HAVE_STRING_H 1
| #define HAVE_MEMORY_H 1
| #define HAVE_STRINGS_H 1
| #define HAVE_INTTYPES_H 1
| #define HAVE_STDINT_H 1
| #define HAVE_UNISTD_H 1
| #define HAVE_DLFCN_H 1
| #define STDC_HEADERS 1
| #define HAVE_LIMITS_H 1
| #define HAVE_SYS_TYPES_H 1
| #define HAVE_SYS_STAT_H 1
| #define HAVE_DIRENT_H 1
| #define HAVE_STRING 1
| #define HAVE_STRTOQ 1
| #define HAVE_LONG_LONG 1
| #define HAVE_UNSIGNED_LONG_LONG 1
| #define HAVE_BCOPY 1
| #define HAVE_MEMMOVE 1
| #define HAVE_STRERROR 1
| #define HAVE_ZLIB_H 1
| /* end confdefs.h.  */
| 
| /* Override any GCC internal prototype to avoid an error.
|    Use char because int might match the return type of a GCC
|    builtin and then its argument prototype would still apply.  */
| #ifdef __cplusplus
| extern "C"
| #endif
| char readline ();
| int
| main ()
| {
| return readline ();
|   ;
|   return 0;
| }
configure:22611: result: no
configure:22953: creating ./config.status

## ---------------------- ##
## Running config.status. ##
## ---------------------- ##

This file was extended by PCRE config.status 7.7, which was
generated by GNU Autoconf 2.61.  Invocation command line was

  CONFIG_FILES    = 
  CONFIG_HEADERS  = 
  CONFIG_LINKS    = 
  CONFIG_COMMANDS = 
  $ ./config.status 

on DELL-Loan-BERNAT

config.status:691: creating Makefile
config.status:691: creating libpcre.pc
config.status:691: creating libpcrecpp.pc
config.status:691: creating pcre-config
config.status:691: creating pcre.h
config.status:691: creating pcre_stringpiece.h
config.status:691: creating pcrecpparg.h
config.status:691: creating config.h
config.status:938: config.h is unchanged
config.status:985: executing depfiles commands
config.status:985: executing script-chmod commands
config.status:985: executing delete-old-chartables commands

## ---------------- ##
## Cache variables. ##
## ---------------- ##

ac_cv_build=x86_64-unknown-linux-gnu
ac_cv_c_compiler_gnu=yes
ac_cv_c_const=yes
ac_cv_cxx_compiler_gnu=yes
ac_cv_env_CCC_set=
ac_cv_env_CCC_value=
ac_cv_env_CC_set=
ac_cv_env_CC_value=
ac_cv_env_CFLAGS_set=
ac_cv_env_CFLAGS_value=
ac_cv_env_CPPFLAGS_set=
ac_cv_env_CPPFLAGS_value=
ac_cv_env_CPP_set=
ac_cv_env_CPP_value=
ac_cv_env_CXXCPP_set=
ac_cv_env_CXXCPP_value=
ac_cv_env_CXXFLAGS_set=
ac_cv_env_CXXFLAGS_value=
ac_cv_env_CXX_set=
ac_cv_env_CXX_value=
ac_cv_env_F77_set=
ac_cv_env_F77_value=
ac_cv_env_FFLAGS_set=
ac_cv_env_FFLAGS_value=
ac_cv_env_LDFLAGS_set=
ac_cv_env_LDFLAGS_value=
ac_cv_env_LIBS_set=
ac_cv_env_LIBS_value=
ac_cv_env_build_alias_set=
ac_cv_env_build_alias_value=
ac_cv_env_host_alias_set=
ac_cv_env_host_alias_value=
ac_cv_env_target_alias_set=
ac_cv_env_target_alias_value=
ac_cv_f77_compiler_gnu=no
ac_cv_func_bcopy=yes
ac_cv_func_memmove=yes
ac_cv_func_strerror=yes
ac_cv_func_strtoq=yes
ac_cv_header_bits_type_traits_h=no
ac_cv_header_bzlib_h=no
ac_cv_header_dirent_h=yes
ac_cv_header_dlfcn_h=yes
ac_cv_header_inttypes_h=yes
ac_cv_header_limits_h=yes
ac_cv_header_memory_h=yes
ac_cv_header_readline_history_h=no
ac_cv_header_readline_readline_h=no
ac_cv_header_stdc=yes
ac_cv_header_stdint_h=yes
ac_cv_header_stdlib_h=yes
ac_cv_header_string=yes
ac_cv_header_string_h=yes
ac_cv_header_strings_h=yes
ac_cv_header_sys_stat_h=yes
ac_cv_header_sys_types_h=yes
ac_cv_header_type_traits_h=no
ac_cv_header_unistd_h=yes
ac_cv_header_windows_h=no
ac_cv_header_zlib_h=yes
ac_cv_host=x86_64-unknown-linux-gnu
ac_cv_lib_bz2_BZ2_bzopen=no
ac_cv_lib_readline_readline=no
ac_cv_lib_z_gzopen=yes
ac_cv_objext=o
ac_cv_path_EGREP='/usr/bin/grep -E'
ac_cv_path_GREP=/usr/bin/grep
ac_cv_path_install='/usr/bin/install -c'
ac_cv_path_mkdir=/usr/bin/mkdir
ac_cv_prog_AWK=gawk
ac_cv_prog_CPP='gcc -E'
ac_cv_prog_CXXCPP='g++ -E'
ac_cv_prog_ac_ct_AR=ar
ac_cv_prog_ac_ct_CC=gcc
ac_cv_prog_ac_ct_CXX=g++
ac_cv_prog_ac_ct_RANLIB=ranlib
ac_cv_prog_ac_ct_STRIP=strip
ac_cv_prog_cc_c89=
ac_cv_prog_cc_g=yes
ac_cv_prog_cxx_g=yes
ac_cv_prog_f77_g=no
ac_cv_prog_make_make_set=yes
ac_cv_type_long_long=yes
ac_cv_type_size_t=yes
ac_cv_type_unsigned_long_long=yes
am_cv_CC_dependencies_compiler_type=gcc3
am_cv_CXX_dependencies_compiler_type=gcc3
lt_cv_deplibs_check_method=pass_all
lt_cv_file_magic_cmd='$MAGIC_CMD'
lt_cv_file_magic_test_file=
lt_cv_ld_reload_flag=-r
lt_cv_objdir=.libs
lt_cv_path_LD=/usr/bin/ld
lt_cv_path_LDCXX='/usr/bin/ld -m elf_x86_64'
lt_cv_path_NM='/usr/bin/nm -B'
lt_cv_path_SED=/usr/bin/sed
lt_cv_prog_compiler_c_o=yes
lt_cv_prog_compiler_c_o_CXX=yes
lt_cv_prog_compiler_pic_works=yes
lt_cv_prog_compiler_pic_works_CXX=yes
lt_cv_prog_compiler_rtti_exceptions=no
lt_cv_prog_compiler_static_works=yes
lt_cv_prog_compiler_static_works_CXX=yes
lt_cv_prog_gnu_ld=yes
lt_cv_prog_gnu_ldcxx=yes
lt_cv_sys_global_symbol_pipe='sed -n -e '\''s/^.*[ 	]\([ABCDGIRSTW][ABCDGIRSTW]*\)[ 	][ 	]*\([_A-Za-z][_A-Za-z0-9]*\)$/\1 \2 \2/p'\'''
lt_cv_sys_global_symbol_to_c_name_address='sed -n -e '\''s/^: \([^ ]*\) $/  {\"\1\", (lt_ptr) 0},/p'\'' -e '\''s/^[BCDEGRST] \([^ ]*\) \([^ ]*\)$/  {"\2", (lt_ptr) \&\2},/p'\'''
lt_cv_sys_global_symbol_to_cdecl='sed -n -e '\''s/^. .* \(.*\)$/extern int \1;/p'\'''
lt_cv_sys_lib_dlsearch_path_spec='/lib /usr/lib /usr/lib/x86_64-linux-gnu/libfakeroot /usr/lib/wsl/lib /usr/local/lib /usr/local/lib/x86_64-linux-gnu /lib/x86_64-linux-gnu /usr/lib/x86_64-linux-gnu '
lt_cv_sys_lib_search_path_spec='/usr/lib/gcc/x86_64-linux-gnu/9 /usr/lib/x86_64-linux-gnu /usr/lib /lib/x86_64-linux-gnu /lib'
lt_cv_sys_max_cmd_len=1572864
lt_lt_cv_prog_compiler_c_o='"yes"'
lt_lt_cv_prog_compiler_c_o_CXX='"yes"'
lt_lt_cv_sys_global_symbol_pipe='"sed -n -e '\''s/^.*[ 	]\\([ABCDGIRSTW][ABCDGIRSTW]*\\)[ 	][ 	]*\\([_A-Za-z][_A-Za-z0-9]*\\)\$/\\1 \\2 \\2/p'\''"'
lt_lt_cv_sys_global_symbol_to_c_name_address='"sed -n -e '\''s/^: \\([^ ]*\\) \$/  {\\\"\\1\\\", (lt_ptr) 0},/p'\'' -e '\''s/^[BCDEGRST] \\([^ ]*\\) \\([^ ]*\\)\$/  {\"\\2\", (lt_ptr) \\&\\2},/p'\''"'
lt_lt_cv_sys_global_symbol_to_cdecl='"sed -n -e '\''s/^. .* \\(.*\\)\$/extern int \\1;/p'\''"'

## ----------------- ##
## Output variables. ##
## ----------------- ##

ACLOCAL='${SHELL} /home/loanbernat/SRI-Projet-Fil-RougePhase2/ivy/c/lib/pcre-7.7/missing --run aclocal-1.10'
AMDEPBACKSLASH='\'
AMDEP_FALSE='#'
AMDEP_TRUE=''
AMTAR='${SHELL} /home/loanbernat/SRI-Projet-Fil-RougePhase2/ivy/c/lib/pcre-7.7/missing --run tar'
AR='ar'
AS='as'
AUTOCONF='${SHELL} /home/loanbernat/SRI-Projet-Fil-RougePhase2/ivy/c/lib/pcre-7.7/missing --run autoconf'
AUTOHEADER='${SHELL} /home/loanbernat/SRI-Projet-Fil-RougePhase2/ivy/c/lib/pcre-7.7/missing --run autoheader'
AUTOMAKE='${SHELL} /home/loanbernat/SRI-Projet-Fil-RougePhase2/ivy/c/lib/pcre-7.7/missing --run automake-1.10'
AWK='gawk'
CC='gcc'
CCDEPMODE='depmode=gcc3'
CFLAGS='-O2'
CPP='gcc -E'
CPPFLAGS=''
CXX='g++'
CXXCPP='g++ -E'
CXXDEPMODE='depmode=gcc3'
CXXFLAGS='-O2'
CYGPATH_W='echo'
DEFS='-DHAVE_CONFIG_H'
DEPDIR='.deps'
DISTCHECK_CONFIGURE_FLAGS='--enable-cpp --enable-unicode-properties'
DLLTOOL='dlltool'
DSYMUTIL=''
ECHO='echo'
ECHO_C=''
ECHO_N='-n'
ECHO_T=''
EGREP='/usr/bin/grep -E'
EXEEXT=''
EXTRA_LIBPCRECPP_LDFLAGS='                            -version-info 0:0:0                           '
EXTRA_LIBPCREPOSIX_LDFLAGS='                              -version-info 0:0:0'
EXTRA_LIBPCRE_LDFLAGS='                         -version-info 0:1:0'
F77=''
FFLAGS=''
GREP='/usr/bin/grep'
INSTALL_DATA='${INSTALL} -m 644'
INSTALL_PROGRAM='${INSTALL}'
INSTALL_SCRIPT='${INSTALL}'
INSTALL_STRIP_PROGRAM='$(install_sh) -c -s'
LDFLAGS=''
LIBOBJS=''
LIBS=''
LIBTOOL='$(SHELL) $(top_builddir)/libtool'
LN_S='ln -s'
LTLIBOBJS=''
MAKEINFO='${SHELL} /home/loanbernat/SRI-Projet-Fil-RougePhase2/ivy/c/lib/pcre-7.7/missing --run makeinfo'
NMEDIT=''
OBJDUMP='objdump'
OBJEXT='o'
PACKAGE='pcre'
PACKAGE_BUGREPORT=''
PACKAGE_NAME='PCRE'
PACKAGE_STRING='PCRE 7.7'
PACKAGE_TARNAME='pcre'
PACKAGE_VERSION='7.7'
PATH_SEPARATOR=':'
PCRE_DATE='2008-05-07'
PCRE_MAJOR='7'
PCRE_MINOR='7'
PCRE_PRERELEASE=''
RANLIB='ranlib'
SED='/usr/bin/sed'
SET_MAKE=''
SHELL='/bin/bash'
STRIP='strip'
VERSION='7.7'
WITH_PCRE_CPP_FALSE='#'
WITH_PCRE_CPP_TRUE=''
WITH_REBUILD_CHARTABLES_FALSE=''
WITH_REBUILD_CHARTABLES_TRUE='#'
ac_ct_CC='gcc'
ac_ct_CXX='g++'
ac_ct_F77=''
am__fastdepCC_FALSE='#'
am__fastdepCC_TRUE=''
am__fastdepCXX_FALSE='#'
am__fastdepCXX_TRUE=''
am__include='include'
am__isrc=''
am__leading_dot='.'
am__quote=''
am__tar='${AMTAR} chof - "$$tardir"'
am__untar='${AMTAR} xf -'
bindir='${exec_prefix}/bin'
build='x86_64-unknown-linux-gnu'
build_alias=''
build_cpu='x86_64'
build_os='linux-gnu'
build_vendor='unknown'
datadir='${datarootdir}'
datarootdir='${prefix}/share'
docdir='${datarootdir}/doc/${PACKAGE_TARNAME}'
dvidir='${docdir}'
exec_prefix='${prefix}'
host='x86_64-unknown-linux-gnu'
host_alias=''
host_cpu='x86_64'
host_os='linux-gnu'
host_vendor='unknown'
htmldir='${docdir}/html'
includedir='${prefix}/include'
infodir='${datarootdir}/info'
install_sh='$(SHELL) /home/loanbernat/SRI-Projet-Fil-RougePhase2/ivy/c/lib/pcre-7.7/install-sh'
libdir='${exec_prefix}/lib'
libexecdir='${exec_prefix}/libexec'
localedir='${datarootdir}/locale'
localstatedir='${prefix}/var'
mandir='${datarootdir}/man'
mkdir_p='/usr/bin/mkdir -p'
oldincludedir='/usr/include'
pcre_have_bits_type_traits='0'
pcre_have_long_long='1'
pcre_have_type_traits='0'
pcre_have_ulong_long='1'
pdfdir='${docdir}'
prefix='/usr/local'
program_transform_name='s,x,x,'
psdir='${docdir}'
sbindir='${exec_prefix}/sbin'
sharedstatedir='${prefix}/com'
sysconfdir='${prefix}/etc'
target_alias=''

## ----------- ##
## confdefs.h. ##
## ----------- ##

#define PACKAGE_NAME "PCRE"
#define PACKAGE_TARNAME "pcre"
#define PACKAGE_VERSION "7.7"
#define PACKAGE_STRING "PCRE 7.7"
#define PACKAGE_BUGREPORT ""
#define PACKAGE "pcre"
#define VERSION "7.7"
#define STDC_HEADERS 1
#define HAVE_SYS_TYPES_H 1
#define HAVE_SYS_STAT_H 1
#define HAVE_STDLIB_H 1
#define HAVE_STRING_H 1
#define HAVE_MEMORY_H 1
#define HAVE_STRINGS_H 1
#define HAVE_INTTYPES_H 1
#define HAVE_STDINT_H 1
#define HAVE_UNISTD_H 1
#define HAVE_DLFCN_H 1
#define STDC_HEADERS 1
#define HAVE_LIMITS_H 1
#define HAVE_SYS_TYPES_H 1
#define HAVE_SYS_STAT_H 1
#define HAVE_DIRENT_H 1
#define HAVE_STRING 1
#define HAVE_STRTOQ 1
#define HAVE_LONG_LONG 1
#define HAVE_UNSIGNED_LONG_LONG 1
#define HAVE_BCOPY 1
#define HAVE_MEMMOVE 1
#define HAVE_STRERROR 1
#define HAVE_ZLIB_H 1
#define NEWLINE 10
#define LINK_SIZE 2
#define POSIX_MALLOC_THRESHOLD 10
#define MATCH_LIMIT 10000000
#define MATCH_LIMIT_RECURSION MATCH_LIMIT
#define MAX_NAME_SIZE 32
#define MAX_NAME_COUNT 10000

configure: exit 0
